<?xml version="1.0" encoding="UTF-8"?>
<!-- Generated by org.testng.reporters.JUnitReportReporter -->
<testsuite hostname="DESKTOP-VEF71M4" failures="0" tests="1" name="tests.addDataIntoDynamicTable" time="5.077" errors="0" timestamp="2024-01-06T14:50:59 IST" skipped="0">
  <testcase classname="tests.addDataIntoDynamicTable" name="addingDataIntoTableAndValidation" time="5.077"/>
  <system-out/>
</testsuite> <!-- tests.addDataIntoDynamicTable -->
